<?xml version="1.0" encoding="UTF-8"?>
<testsuite xmlns:xsi="http://www.w3.org/2001/XMLSchema-instance" xsi:noNamespaceSchemaLocation="https://maven.apache.org/surefire/maven-surefire-plugin/xsd/surefire-test-report.xsd" name="com.havan.RealTest" time="0.004" tests="1" errors="0" skipped="0" failures="0">
  <properties>
    <property name="java.specification.version" value="16"/>
    <property name="sun.jnu.encoding" value="UTF-8"/>
    <property name="java.class.path" value="/home/erikdenis/Projects/Havan Tech Labs/havan/target/test-classes:/home/erikdenis/Projects/Havan Tech Labs/havan/target/classes:/home/erikdenis/.m2/repository/org/postgresql/postgresql/42.2.20/postgresql-42.2.20.jar:/home/erikdenis/.m2/repository/org/checkerframework/checker-qual/3.5.0/checker-qual-3.5.0.jar:/home/erikdenis/.m2/repository/junit/junit/4.11/junit-4.11.jar:/home/erikdenis/.m2/repository/org/hamcrest/hamcrest-core/1.3/hamcrest-core-1.3.jar:"/>
    <property name="java.vm.vendor" value="AdoptOpenJDK"/>
    <property name="sun.arch.data.model" value="64"/>
    <property name="java.vendor.url" value="https://adoptopenjdk.net/"/>
    <property name="os.name" value="Linux"/>
    <property name="java.vm.specification.version" value="16"/>
    <property name="sun.java.launcher" value="SUN_STANDARD"/>
    <property name="user.country" value="US"/>
    <property name="sun.boot.library.path" value="/home/erikdenis/.asdf/installs/java/adoptopenjdk-16.0.1+9/lib"/>
    <property name="sun.java.command" value="/home/erikdenis/Projects/Havan Tech Labs/havan/target/surefire/surefirebooter24734329237500748.jar /home/erikdenis/Projects/Havan Tech Labs/havan/target/surefire 2021-05-22T15-07-45_002-jvmRun1 surefire5071756910349732817tmp surefire_016066048384195691078tmp"/>
    <property name="jdk.debug" value="release"/>
    <property name="surefire.test.class.path" value="/home/erikdenis/Projects/Havan Tech Labs/havan/target/test-classes:/home/erikdenis/Projects/Havan Tech Labs/havan/target/classes:/home/erikdenis/.m2/repository/org/postgresql/postgresql/42.2.20/postgresql-42.2.20.jar:/home/erikdenis/.m2/repository/org/checkerframework/checker-qual/3.5.0/checker-qual-3.5.0.jar:/home/erikdenis/.m2/repository/junit/junit/4.11/junit-4.11.jar:/home/erikdenis/.m2/repository/org/hamcrest/hamcrest-core/1.3/hamcrest-core-1.3.jar:"/>
    <property name="sun.cpu.endian" value="little"/>
    <property name="user.home" value="/home/erikdenis"/>
    <property name="user.language" value="en"/>
    <property name="java.specification.vendor" value="Oracle Corporation"/>
    <property name="java.version.date" value="2021-04-20"/>
    <property name="java.home" value="/home/erikdenis/.asdf/installs/java/adoptopenjdk-16.0.1+9"/>
    <property name="file.separator" value="/"/>
    <property name="basedir" value="/home/erikdenis/Projects/Havan Tech Labs/havan"/>
    <property name="java.vm.compressedOopsMode" value="32-bit"/>
    <property name="line.separator" value="&#10;"/>
    <property name="java.vm.specification.vendor" value="Oracle Corporation"/>
    <property name="java.specification.name" value="Java Platform API Specification"/>
    <property name="surefire.real.class.path" value="/home/erikdenis/Projects/Havan Tech Labs/havan/target/surefire/surefirebooter24734329237500748.jar"/>
    <property name="sun.management.compiler" value="HotSpot 64-Bit Tiered Compilers"/>
    <property name="java.runtime.version" value="16.0.1+9"/>
    <property name="user.name" value="erikdenis"/>
    <property name="path.separator" value=":"/>
    <property name="os.version" value="5.12.4-arch1-2"/>
    <property name="java.runtime.name" value="OpenJDK Runtime Environment"/>
    <property name="file.encoding" value="UTF-8"/>
    <property name="java.vm.name" value="OpenJDK 64-Bit Server VM"/>
    <property name="java.vendor.version" value="AdoptOpenJDK-16.0.1+9"/>
    <property name="localRepository" value="/home/erikdenis/.m2/repository"/>
    <property name="java.vendor.url.bug" value="https://github.com/AdoptOpenJDK/openjdk-support/issues"/>
    <property name="java.io.tmpdir" value="/tmp"/>
    <property name="java.version" value="16.0.1"/>
    <property name="user.dir" value="/home/erikdenis/Projects/Havan Tech Labs/havan"/>
    <property name="os.arch" value="amd64"/>
    <property name="java.vm.specification.name" value="Java Virtual Machine Specification"/>
    <property name="java.library.path" value="/usr/java/packages/lib:/usr/lib64:/lib64:/lib:/usr/lib"/>
    <property name="java.vm.info" value="mixed mode, sharing"/>
    <property name="java.vendor" value="AdoptOpenJDK"/>
    <property name="java.vm.version" value="16.0.1+9"/>
    <property name="sun.io.unicode.encoding" value="UnicodeLittle"/>
    <property name="java.class.version" value="60.0"/>
  </properties>
  <testcase name="testaConvertePara" classname="com.havan.RealTest" time="0"/>
</testsuite>